Log file open, 09/07/18 18:05:57
LogWindows: Failed to load 'aqProf.dll' (GetLastError=126)
LogWindows: File 'aqProf.dll' does not exist
LogWindows: Failed to load 'VSPerf140.dll' (GetLastError=126)
LogWindows: File 'VSPerf140.dll' does not exist
LogWindows: Failed to load 'VtuneApi.dll' (GetLastError=126)
LogWindows: File 'VtuneApi.dll' does not exist
LogWindows: Failed to load 'VtuneApi32e.dll' (GetLastError=126)
LogWindows: File 'VtuneApi32e.dll' does not exist
LogInit: Display: Running engine for game: RunR
LogPlatformFile: Not using cached read wrapper
LogTaskGraph: Started task graph with 5 named threads and 23 total threads with 3 sets of task threads.
LogStats: Stats thread started at 0.289833
LogD3D11RHI: Loaded GFSDK_Aftermath_Lib.x64.dll
LogICUInternationalization: Display: ICU TimeZone Detection - Raw Offset: -5:00, Platform Override: ''
LogPluginManager: Mounting plugin Paper2D
LogPluginManager: Mounting plugin AISupport
LogPluginManager: Mounting plugin LightPropagationVolume
LogPluginManager: Mounting plugin CLionSourceCodeAccess
LogPluginManager: Mounting plugin CodeLiteSourceCodeAccess
LogPluginManager: Mounting plugin GitSourceControl
LogPluginManager: Mounting plugin KDevelopSourceCodeAccess
LogPluginManager: Mounting plugin NullSourceCodeAccess
LogPluginManager: Mounting plugin PerforceSourceControl
LogPluginManager: Mounting plugin SubversionSourceControl
LogPluginManager: Mounting plugin UObjectPlugin
LogPluginManager: Mounting plugin VisualStudioCodeSourceCodeAccess
LogPluginManager: Mounting plugin VisualStudioSourceCodeAccess
LogPluginManager: Mounting plugin XCodeSourceCodeAccess
LogPluginManager: Mounting plugin AssetManagerEditor
LogPluginManager: Mounting plugin CryptoKeys
LogPluginManager: Mounting plugin DataValidation
LogPluginManager: Mounting plugin FacialAnimation
LogPluginManager: Mounting plugin GameplayTagsEditor
LogPluginManager: Mounting plugin MacGraphicsSwitching
LogPluginManager: Mounting plugin MeshEditor
LogPluginManager: Mounting plugin MobileLauncherProfileWizard
LogPluginManager: Mounting plugin PluginBrowser
LogPluginManager: Mounting plugin SpeedTreeImporter
LogPluginManager: Mounting plugin DatasmithContent
LogPluginManager: Mounting plugin AlembicImporter
LogPluginManager: Mounting plugin AppleImageUtils
LogPluginManager: Mounting plugin AppleVision
LogPluginManager: Mounting plugin BackChannel
LogPluginManager: Mounting plugin CharacterAI
LogPluginManager: Mounting plugin GeometryCache
LogPluginManager: Mounting plugin HTML5Networking
LogPluginManager: Mounting plugin ProxyLODPlugin
LogPluginManager: Mounting plugin MagicLeap
LogPluginManager: Mounting plugin MagicLeapEmulator
LogPluginManager: Mounting plugin MagicLeapMedia
LogPluginManager: Mounting plugin AndroidMedia
LogPluginManager: Mounting plugin AvfMedia
LogPluginManager: Mounting plugin ImgMedia
LogPluginManager: Mounting plugin LinearTimecode
LogPluginManager: Mounting plugin MediaCompositing
LogPluginManager: Mounting plugin MediaPlayerEditor
LogPluginManager: Mounting plugin WmfMedia
LogPluginManager: Mounting plugin TcpMessaging
LogPluginManager: Mounting plugin UdpMessaging
LogPluginManager: Mounting plugin ActorSequence
LogPluginManager: Mounting plugin LevelSequenceEditor
LogPluginManager: Mounting plugin MatineeToLevelSequence
LogPluginManager: Mounting plugin NetcodeUnitTest
LogPluginManager: Mounting plugin NUTUnrealEngine4
LogPluginManager: Mounting plugin OnlineSubsystemGooglePlay
LogPluginManager: Mounting plugin OnlineSubsystemIOS
LogPluginManager: Mounting plugin OnlineSubsystem
LogPluginManager: Mounting plugin OnlineSubsystemNull
LogPluginManager: Mounting plugin OnlineSubsystemUtils
LogPluginManager: Mounting plugin LauncherChunkInstaller
LogPluginManager: Mounting plugin AndroidDeviceProfileSelector
LogPluginManager: Mounting plugin AndroidMoviePlayer
LogPluginManager: Mounting plugin AndroidPermission
LogPluginManager: Mounting plugin AppleMoviePlayer
LogPluginManager: Mounting plugin ArchVisCharacter
LogPluginManager: Mounting plugin AudioCapture
LogPluginManager: Mounting plugin CableComponent
LogPluginManager: Mounting plugin CustomMeshComponent
LogPluginManager: Mounting plugin EditableMesh
LogPluginManager: Mounting plugin ExampleDeviceProfileSelector
LogPluginManager: Mounting plugin GoogleCloudMessaging
LogPluginManager: Mounting plugin ImmediatePhysics
LogPluginManager: Mounting plugin IOSDeviceProfileSelector
LogPluginManager: Mounting plugin LinuxDeviceProfileSelector
LogPluginManager: Mounting plugin LocationServicesBPLibrary
LogPluginManager: Mounting plugin MobilePatchingUtils
LogPluginManager: Mounting plugin OculusVR
LogPluginManager: Plugin shader directory ../../../Engine/Plugins/Runtime/Oculus/OculusVR/Shaders found
LogPluginManager: Mapping shader source directory ../../../Engine/Plugins/Runtime/Oculus/OculusVR/Shaders to virtual directory /Plugin/OculusVR
LogPluginManager: Mounting plugin PhysXVehicles
LogPluginManager: Mounting plugin ProceduralMeshComponent
LogPluginManager: Mounting plugin RuntimePhysXCooking
LogPluginManager: Mounting plugin SteamVR
LogPluginManager: Mounting plugin WindowsMoviePlayer
LogStreaming: Display: Took  0.533s to configure plugins.
LogInit: Using libcurl 7.55.1-DEV
LogInit:  - built for x86_64-pc-win32
LogInit:  - supports SSL with OpenSSL/1.0.2h
LogInit:  - supports HTTP deflate (compression) using libz 1.2.8
LogInit:  - other features:
LogInit:      CURL_VERSION_SSL
LogInit:      CURL_VERSION_LIBZ
LogInit:      CURL_VERSION_IPV6
LogInit:      CURL_VERSION_ASYNCHDNS
LogInit:      CURL_VERSION_LARGEFILE
LogInit:      CURL_VERSION_IDN
LogInit:  CurlRequestOptions (configurable via config and command line):
LogInit:  - bVerifyPeer = false  - Libcurl will NOT verify peer certificate
LogInit:  - bUseHttpProxy = false  - Libcurl will NOT use HTTP proxy
LogInit:  - bDontReuseConnections = false  - Libcurl will reuse connections
LogInit:  - CertBundlePath = nullptr  - Libcurl will use whatever was configured at build time.
LogInit:  - MaxHostConnections = 16  - Libcurl will limit the number of connections to a host
LogInit:  - LocalHostAddr = Default
LogInit:  - BufferSize = 65536
LogInit: WinSock: version 1.1 (2.2), MaxSocks=32767, MaxUdp=65467
LogInit: Build: ++UE4+Release-4.20-CL-4233996
LogInit: Engine Version: 4.20.1-4233996+++UE4+Release-4.20
LogInit: Compatible Engine Version: 4.20.0-4212847+++UE4+Release-4.20
LogInit: Net CL: 4212847
LogInit: OS: Windows 10 (), CPU: Intel(R) Core(TM) i7-7700HQ CPU @ 2.80GHz, GPU: NVIDIA GeForce GTX 1070
LogInit: Compiled (64-bit): Jul 26 2018 10:07:30
LogInit: Compiled with Visual C++: 19.13.26129.00
LogInit: Build Configuration: Development
LogInit: Branch Name: ++UE4+Release-4.20
LogInit: Command Line: 
LogInit: Base Directory: D:/UE_4.20/Engine/Binaries/Win64/
LogInit: Installed Engine Build: 1
LogDevObjectVersion: Number of dev versions registered: 20
LogDevObjectVersion:   Dev-Blueprints (B0D832E4-1F89-4F0D-ACCF-7EB736FD4AA2): 10
LogDevObjectVersion:   Dev-Build (E1C64328-A22C-4D53-A36C-8E866417BD8C): 0
LogDevObjectVersion:   Dev-Core (375EC13C-06E4-48FB-B500-84F0262A717E): 2
LogDevObjectVersion:   Dev-Editor (E4B068ED-F494-42E9-A231-DA0B2E46BB41): 24
LogDevObjectVersion:   Dev-Framework (CFFC743F-43B0-4480-9391-14DF171D2073): 34
LogDevObjectVersion:   Dev-Mobile (B02B49B5-BB20-44E9-A304-32B752E40360): 2
LogDevObjectVersion:   Dev-Networking (A4E4105C-59A1-49B5-A7C5-40C4547EDFEE): 0
LogDevObjectVersion:   Dev-Online (39C831C9-5AE6-47DC-9A44-9C173E1C8E7C): 0
LogDevObjectVersion:   Dev-Physics (78F01B33-EBEA-4F98-B9B4-84EACCB95AA2): 0
LogDevObjectVersion:   Dev-Platform (6631380F-2D4D-43E0-8009-CF276956A95A): 0
LogDevObjectVersion:   Dev-Rendering (12F88B9F-8875-4AFC-A67C-D90C383ABD29): 26
LogDevObjectVersion:   Dev-Sequencer (7B5AE74C-D270-4C10-A958-57980B212A5A): 9
LogDevObjectVersion:   Dev-VR (D7296918-1DD6-4BDD-9DE2-64A83CC13884): 2
LogDevObjectVersion:   Dev-LoadTimes (C2A15278-BFE7-4AFE-6C17-90FF531DF755): 1
LogDevObjectVersion:   Private-Geometry (6EACA3D4-40EC-4CC1-B786-8BED09428FC5): 3
LogDevObjectVersion:   Dev-AnimPhys (29E575DD-E0A3-4627-9D10-D276232CDCEA): 17
LogDevObjectVersion:   Dev-ReflectionCapture (6B266CEC-1EC7-4B8F-A30B-E4D90942FC07): 1
LogDevObjectVersion:   Dev-Automation (0DF73D61-A23F-47EA-B727-89E90C41499A): 1
LogDevObjectVersion:   FortniteMain (601D1886-AC64-4F84-AA16-D3DE0DEAC7D6): 12
LogDevObjectVersion:   Dev-Enterprise (9DFFBCD6-494F-0158-E221-12823C92A888): 1
LogStreaming: Display: Took  0.072s to delete old logs.
LogInit: Presizing for max 8388607 objects, including 0 objects not considered by GC, pre-allocating 0 bytes for permanent pool.
LogInit: Object subsystem initialized
[2018.09.07-22.05.57:947][  0]LogInit: Selected Device Profile: [Windows]
[2018.09.07-22.05.57:947][  0]LogInit: Applying CVar settings loaded from the selected device profile: [Windows]
[2018.09.07-22.05.58:033][  0]LogHAL: Display: Platform has ~ 16 GB [17046728704 / 17179869184 / 16], which maps to Larger [LargestMinGB=32, LargerMinGB=12, DefaultMinGB=8, SmallerMinGB=6, SmallestMinGB=0)
[2018.09.07-22.05.58:033][  0]LogInit: Setting Device Profile CVar: [[r.Vulkan.UseRealUBs:1]]
[2018.09.07-22.05.58:033][  0]LogInit: Going up to parent DeviceProfile []
[2018.09.07-22.05.58:033][  0]LogInit: Computer: DESKTOP-Q614RLO
[2018.09.07-22.05.58:033][  0]LogInit: User: maloo
[2018.09.07-22.05.58:034][  0]LogInit: CPU Page size=4096, Cores=4
[2018.09.07-22.05.58:034][  0]LogInit: High frequency timer resolution =2.742185 MHz
[2018.09.07-22.05.58:034][  0]LogMemory: Memory total: Physical=15.9GB (16GB approx)
[2018.09.07-22.05.58:034][  0]LogMemory: Platform Memory Stats for Windows
[2018.09.07-22.05.58:034][  0]LogMemory: Process Physical Memory: 101.00 MB used, 101.00 MB peak
[2018.09.07-22.05.58:034][  0]LogMemory: Process Virtual Memory: 87.55 MB used, 87.55 MB peak
[2018.09.07-22.05.58:034][  0]LogMemory: Physical Memory: 6127.30 MB used,  10129.73 MB free, 16257.03 MB total
[2018.09.07-22.05.58:034][  0]LogMemory: Virtual Memory: 4641.35 MB used,  10129.73 MB free, 134217728.00 MB total
[2018.09.07-22.05.58:390][  0]LogInit: Using OS detected language (en-US).
[2018.09.07-22.05.58:390][  0]LogInit: Using OS detected locale (en-CA).
[2018.09.07-22.05.58:391][  0]LogTextLocalizationManager: No specific localization for 'en-US' exists, so the 'en' localization will be used.
[2018.09.07-22.05.58:796][  0]LogStreaming: Display: Took  0.406s to InitEngineTextLocalization.
[2018.09.07-22.05.58:796][  0]LogInit: Setting process to per monitor DPI aware
[2018.09.07-22.05.58:861][  0]LogSlate: New Slate User Created.  User Index 0, Is Virtual User: 0
[2018.09.07-22.05.58:861][  0]LogSlate: Slate User Registered.  User Index 0, Is Virtual User: 0
[2018.09.07-22.05.59:220][  0]LogHMD: Failed to initialize OpenVR with code 110
[2018.09.07-22.05.59:220][  0]LogD3D11RHI: D3D11 adapters:
[2018.09.07-22.05.59:291][  0]LogD3D11RHI:    0. 'NVIDIA GeForce GTX 1070' (Feature Level 11_0)
[2018.09.07-22.05.59:291][  0]LogD3D11RHI:       8081/0/8128 MB DedicatedVideo/DedicatedSystem/SharedSystem, Outputs:1, VendorId:0x10de
[2018.09.07-22.05.59:821][  0]LogD3D11RHI:    1. 'Intel(R) HD Graphics 630' (Feature Level 11_0)
[2018.09.07-22.05.59:821][  0]LogD3D11RHI:       128/0/8128 MB DedicatedVideo/DedicatedSystem/SharedSystem, Outputs:0, VendorId:0x8086
[2018.09.07-22.05.59:824][  0]LogD3D11RHI:    2. 'Microsoft Basic Render Driver' (Feature Level 11_0)
[2018.09.07-22.05.59:824][  0]LogD3D11RHI:       0/0/8128 MB DedicatedVideo/DedicatedSystem/SharedSystem, Outputs:0, VendorId:0x1414
[2018.09.07-22.05.59:824][  0]LogD3D11RHI: Chosen D3D11 Adapter: 0
[2018.09.07-22.05.59:838][  0]LogD3D11RHI: Creating new Direct3DDevice
[2018.09.07-22.05.59:838][  0]LogD3D11RHI:     GPU DeviceId: 0x1be1 (for the marketing name, search the web for "GPU Device Id")
[2018.09.07-22.05.59:838][  0]LogWindows: EnumDisplayDevices:
[2018.09.07-22.05.59:838][  0]LogWindows:    0. 'NVIDIA GeForce GTX 1070' (P:1 D:1)
[2018.09.07-22.05.59:838][  0]LogWindows:    1. 'NVIDIA GeForce GTX 1070' (P:0 D:0)
[2018.09.07-22.05.59:839][  0]LogWindows:    2. 'NVIDIA GeForce GTX 1070' (P:0 D:0)
[2018.09.07-22.05.59:839][  0]LogWindows:    3. 'NVIDIA GeForce GTX 1070' (P:0 D:0)
[2018.09.07-22.05.59:839][  0]LogWindows:    4. 'Intel(R) HD Graphics 630' (P:0 D:0)
[2018.09.07-22.05.59:840][  0]LogWindows:    5. 'Intel(R) HD Graphics 630' (P:0 D:0)
[2018.09.07-22.05.59:840][  0]LogWindows:    6. 'Intel(R) HD Graphics 630' (P:0 D:0)
[2018.09.07-22.05.59:840][  0]LogWindows: DebugString: PrimaryIsNotTheChoosenAdapter PrimaryIsNotTheChoosenAdapter PrimaryIsNotTheChoosenAdapter FoundDriverCount:4 
[2018.09.07-22.05.59:840][  0]LogD3D11RHI:     Adapter Name: NVIDIA GeForce GTX 1070
[2018.09.07-22.05.59:840][  0]LogD3D11RHI:   Driver Version: 399.07 (internal:24.21.13.9907, unified:399.07)
[2018.09.07-22.05.59:840][  0]LogD3D11RHI:      Driver Date: 8-21-2018
[2018.09.07-22.05.59:840][  0]LogRHI: Texture pool is 5656 MB (70% of 8081 MB)
[2018.09.07-22.05.59:886][  0]LogD3D11RHI: Async texture creation enabled
[2018.09.07-22.05.59:927][  0]LogD3D11RHI: GPU Timing Frequency: 1000.000000 (Debug: 2 2)
[2018.09.07-22.05.59:977][  0]LogShaderCompilers: Guid format shader working directory is 12 characters bigger than the processId version (../../../../GameDev/_Projects/RunR/Intermediate/Shaders/WorkingDirectory/2412/).
[2018.09.07-22.05.59:977][  0]LogShaderCompilers: Cleaned the shader compiler working directory 'C:/Users/maloo/AppData/Local/Temp/UnrealShaderWorkingDir/9D37564F4F389652283922A4CC401B48/'.
[2018.09.07-22.06.00:367][  0]LogTemp: Display: Loaded TP AllDesktopTargetPlatform
[2018.09.07-22.06.00:381][  0]LogTemp: Display: Loaded TP MacClientTargetPlatform
[2018.09.07-22.06.00:394][  0]LogTemp: Display: Loaded TP MacNoEditorTargetPlatform
[2018.09.07-22.06.00:407][  0]LogTemp: Display: Loaded TP MacServerTargetPlatform
[2018.09.07-22.06.00:423][  0]LogTemp: Display: Loaded TP MacTargetPlatform
[2018.09.07-22.06.00:439][  0]LogTemp: Display: Loaded TP WindowsClientTargetPlatform
[2018.09.07-22.06.00:453][  0]LogTemp: Display: Loaded TP WindowsNoEditorTargetPlatform
[2018.09.07-22.06.00:468][  0]LogTemp: Display: Loaded TP WindowsServerTargetPlatform
[2018.09.07-22.06.00:474][  0]LogTemp: Display: Loaded TP WindowsTargetPlatform
[2018.09.07-22.06.00:564][  0]LogTemp: Display: Loaded TP AndroidTargetPlatform
[2018.09.07-22.06.00:564][  0]LogTemp: Display: Loaded TP AndroidTargetPlatform
[2018.09.07-22.06.00:564][  0]LogTemp: Display: Loaded TP AndroidTargetPlatform
[2018.09.07-22.06.00:564][  0]LogTemp: Display: Loaded TP AndroidTargetPlatform
[2018.09.07-22.06.00:564][  0]LogTemp: Display: Loaded TP AndroidTargetPlatform
[2018.09.07-22.06.00:564][  0]LogTemp: Display: Loaded TP AndroidTargetPlatform
[2018.09.07-22.06.00:564][  0]LogTemp: Display: Loaded TP AndroidTargetPlatform
[2018.09.07-22.06.00:564][  0]LogTemp: Display: Loaded TP AndroidTargetPlatform
[2018.09.07-22.06.00:564][  0]LogTemp: Display: Loaded TP AndroidTargetPlatform
[2018.09.07-22.06.00:564][  0]LogTemp: Display: Loaded TP AndroidTargetPlatform
[2018.09.07-22.06.00:564][  0]LogTemp: Display: Loaded TP AndroidTargetPlatform
[2018.09.07-22.06.00:564][  0]LogTemp: Display: Loaded TP AndroidTargetPlatform
[2018.09.07-22.06.00:564][  0]LogTemp: Display: Loaded TP AndroidTargetPlatform
[2018.09.07-22.06.00:564][  0]LogTemp: Display: Loaded TP AndroidTargetPlatform
[2018.09.07-22.06.00:564][  0]LogTemp: Display: Loaded TP AndroidTargetPlatform
[2018.09.07-22.06.00:564][  0]LogTemp: Display: Loaded TP AndroidTargetPlatform
[2018.09.07-22.06.00:564][  0]LogTemp: Display: Loaded TP AndroidTargetPlatform
[2018.09.07-22.06.00:564][  0]LogTemp: Display: Loaded TP AndroidTargetPlatform
[2018.09.07-22.06.00:566][  0]LogTemp: Display: Loaded TP HTML5TargetPlatform
[2018.09.07-22.06.00:631][  0]LogTemp: Display: Loaded TP IOSTargetPlatform
[2018.09.07-22.06.00:631][  0]LogTemp: Display: Loaded TP IOSTargetPlatform
[2018.09.07-22.06.00:659][  0]LogTemp: Display: Loaded TP TVOSTargetPlatform
[2018.09.07-22.06.00:659][  0]LogTemp: Display: Loaded TP TVOSTargetPlatform
[2018.09.07-22.06.00:674][  0]LogTemp: Display: Loaded TP LinuxClientTargetPlatform
[2018.09.07-22.06.00:690][  0]LogTemp: Display: Loaded TP LinuxNoEditorTargetPlatform
[2018.09.07-22.06.00:704][  0]LogTemp: Display: Loaded TP LinuxServerTargetPlatform
[2018.09.07-22.06.00:718][  0]LogTemp: Display: Loaded TP LinuxTargetPlatform
[2018.09.07-22.06.00:729][  0]LogTemp: Display: Loaded TP LuminTargetPlatform
[2018.09.07-22.06.00:729][  0]LogTargetPlatformManager: Display: Building Assets For Windows
[2018.09.07-22.06.00:788][  0]LogXGEController: Cannot use XGE Controller as Incredibuild is not installed on this machine.
[2018.09.07-22.06.00:788][  0]LogShaderCompilers: Cannot use XGE Shader Compiler as Incredibuild is not installed on this machine.
[2018.09.07-22.06.00:788][  0]LogShaderCompilers: Display: Using Local Shader Compiler.
[2018.09.07-22.06.01:629][  0]LogDerivedDataCache: Display: Max Cache Size: 512 MB
[2018.09.07-22.06.01:699][  0]LogDerivedDataCache: Loaded boot cache 0.07s 71MB C:/Users/maloo/AppData/Local/UnrealEngine/4.20/DerivedDataCache/Boot.ddc.
[2018.09.07-22.06.01:699][  0]LogDerivedDataCache: Display: Loaded Boot cache: C:/Users/maloo/AppData/Local/UnrealEngine/4.20/DerivedDataCache/Boot.ddc
[2018.09.07-22.06.01:699][  0]LogDerivedDataCache: FDerivedDataBackendGraph:  Pak pak cache file ../../../../GameDev/_Projects/RunR/DerivedDataCache/DDC.ddp not found, will not use a pak cache.
[2018.09.07-22.06.01:699][  0]LogDerivedDataCache: Unable to find inner node Pak for hierarchical cache Hierarchy.
[2018.09.07-22.06.01:700][  0]LogDerivedDataCache: FDerivedDataBackendGraph:  CompressedPak pak cache file ../../../../GameDev/_Projects/RunR/DerivedDataCache/Compressed.ddp not found, will not use a pak cache.
[2018.09.07-22.06.01:700][  0]LogDerivedDataCache: Unable to find inner node CompressedPak for hierarchical cache Hierarchy.
[2018.09.07-22.06.01:716][  0]LogDerivedDataCache: Display: Pak cache opened for reading ../../../Engine/DerivedDataCache/Compressed.ddp.
[2018.09.07-22.06.01:729][  0]LogDerivedDataCache: Using Local data cache path C:/Users/maloo/AppData/Local/UnrealEngine/Common/DerivedDataCache: Writable
[2018.09.07-22.06.01:729][  0]LogDerivedDataCache: Shared data cache path not found in *engine.ini, will not use an Shared cache.
[2018.09.07-22.06.01:729][  0]LogDerivedDataCache: Unable to find inner node Shared for hierarchical cache Hierarchy.
[2018.09.07-22.06.01:753][  0]LogMaterial: Verifying Global Shaders for PCD3D_SM5
[2018.09.07-22.06.01:755][  0]LogSlate: Using FreeType 2.6.0
[2018.09.07-22.06.01:756][  0]LogSlate: SlateFontServices - WITH_FREETYPE: 1, WITH_HARFBUZZ: 1
[2018.09.07-22.06.01:847][  0]LogAssetRegistry: FAssetRegistry took 0.0262 seconds to start up
[2018.09.07-22.06.02:240][  0]LogInit: Selected Device Profile: [Windows]
[2018.09.07-22.06.02:307][  0]LogSimplygon: Simplygon DLL not present - disabling.
[2018.09.07-22.06.02:311][  0]LogMeshReduction: Using SimplygonSwarm for distributed automatic mesh merging
[2018.09.07-22.06.02:311][  0]LogMeshReduction: Using ProxyLODMeshReduction for automatic mesh merging
[2018.09.07-22.06.02:311][  0]LogMeshReduction: Using QuadricMeshReduction for automatic static mesh reduction
[2018.09.07-22.06.02:311][  0]LogMeshReduction: No automatic skeletal mesh reduction module available
[2018.09.07-22.06.02:428][  0]LogNetVersion: RunR 1.0.0, NetCL: 4212847, EngineNetVer: 5, GameNetVer: 0 (Checksum: 3769191507)
[2018.09.07-22.06.03:388][  0]LogPackageLocalizationCache: Processed 11 localized package path(s) for 2 prioritized culture(s) in 0.270672 seconds
[2018.09.07-22.06.03:399][  0]LogUObjectArray: 38425 objects as part of root set at end of initial load.
[2018.09.07-22.06.03:399][  0]LogUObjectAllocator: 6690864 out of 0 bytes used by permanent object pool.
[2018.09.07-22.06.03:399][  0]LogUObjectArray: CloseDisregardForGC: 0/0 objects in disregard for GC pool
[2018.09.07-22.06.04:988][  0]LogTcpMessaging: Initializing TcpMessaging bridge
[2018.09.07-22.06.05:025][  0]LogUdpMessaging: Initializing bridge on interface 0.0.0.0:0 to multicast group 230.0.0.1:6666.
[2018.09.07-22.06.05:284][  0]SourceControl: Source control is disabled
[2018.09.07-22.06.05:284][  0]SourceControl: Source control is disabled
[2018.09.07-22.06.05:286][  0]SourceControl: Source control is disabled
[2018.09.07-22.06.05:288][  0]SourceControl: Source control is disabled
[2018.09.07-22.06.05:550][  0]LogAndroidPermission: UAndroidPermissionCallbackProxy::GetInstance
[2018.09.07-22.06.05:676][  0]LogOcInput: OculusInput pre-init called
[2018.09.07-22.06.05:768][  0]LogEngine: Initializing Engine...
[2018.09.07-22.06.05:769][  0]LogHMD: Failed to initialize OpenVR with code 110
[2018.09.07-22.06.05:772][  0]LogStats: UGameplayTagsManager::ConstructGameplayTagTree: ImportINI prefixes -  0.000 s
[2018.09.07-22.06.05:772][  0]LogStats: UGameplayTagsManager::ConstructGameplayTagTree: Construct from data asset -  0.000 s
[2018.09.07-22.06.05:772][  0]LogStats: UGameplayTagsManager::ConstructGameplayTagTree: ImportINI -  0.000 s
[2018.09.07-22.06.05:772][  0]LogStats: UGameplayTagsManager::ConstructGameplayTagTree: GameplayTagTreeChangedEvent.Broadcast -  0.000 s
[2018.09.07-22.06.06:156][  0]LogInit: Initializing FReadOnlyCVARCache
[2018.09.07-22.06.06:170][  0]LogAIModule: Creating AISystem for world Untitled
[2018.09.07-22.06.06:196][  0]LogInit: XAudio2 using 'Speakers / Headphones (Realtek Audio)' : 6 channels at 48 kHz using 32 bits per sample (channel mask 0x3f)
[2018.09.07-22.06.06:417][  0]LogInit: FAudioDevice initialized.
[2018.09.07-22.06.06:417][  0]LogNetVersion: Set ProjectVersion to 1.0.0.0. Version Checksum will be recalculated on next use.
[2018.09.07-22.06.06:533][  0]LogDerivedDataCache: Saved boot cache 0.12s 71MB C:/Users/maloo/AppData/Local/UnrealEngine/4.20/DerivedDataCache/Boot.ddc.
[2018.09.07-22.06.06:558][  0]LogInit: Texture streaming: Enabled
[2018.09.07-22.06.06:581][  0]LogEngineSessionManager: EngineSessionManager initialized
[2018.09.07-22.06.06:642][  0]LogInit: Transaction tracking system initialized
[2018.09.07-22.06.06:671][  0]BlueprintLog: New page: Editor Load
[2018.09.07-22.06.06:776][  0]LocalizationService: Localization service is disabled
[2018.09.07-22.06.07:206][  0]LogCook: Display: Max memory allowance for cook 16384mb min free memory 0mb
[2018.09.07-22.06.07:206][  0]LogCook: Display: Mobile HDR setting 1
[2018.09.07-22.06.07:206][  0]LogGameplayTags: Display: UGameplayTagsManager::DoneAddingNativeTags. DelegateIsBound: 0
[2018.09.07-22.06.07:206][  0]LogStats: UGameplayTagsManager::ConstructGameplayTagTree: ImportINI prefixes -  0.000 s
[2018.09.07-22.06.07:206][  0]LogStats: UGameplayTagsManager::ConstructGameplayTagTree: Construct from data asset -  0.000 s
[2018.09.07-22.06.07:207][  0]LogStats: UGameplayTagsManager::ConstructGameplayTagTree: ImportINI -  0.000 s
[2018.09.07-22.06.07:207][  0]LogStats: UGameplayTagsManager::ConstructGameplayTagTree: GameplayTagTreeChangedEvent.Broadcast -  0.000 s
[2018.09.07-22.06.07:361][  0]LogFileCache: Scanning file cache for directory 'D:/GameDev/_Projects/RunR/Content/' took 0.02s
[2018.09.07-22.06.07:361][  0]SourceControl: Source control is disabled
[2018.09.07-22.06.07:361][  0]Cmd: MAP LOAD FILE="../../../../GameDev/_Projects/RunR/Content/ThirdPersonBP/Maps/ThirdPersonExampleMap.umap" TEMPLATE=0 SHOWPROGRESS=1 FEATURELEVEL=3
[2018.09.07-22.06.07:417][  0]LightingResults: New page: Lighting Build
[2018.09.07-22.06.07:420][  0]MapCheck: New page: Map Check
[2018.09.07-22.06.07:420][  0]LightingResults: New page: Lighting Build
[2018.09.07-22.06.10:750][  0]LogAIModule: Creating AISystem for world ThirdPersonExampleMap
[2018.09.07-22.06.10:872][  0]LogEditorServer: Finished looking for orphan Actors (0.000 secs)
[2018.09.07-22.06.10:899][  0]Cmd: MAP CHECKDEP NOCLEARLOG
[2018.09.07-22.06.10:997][  0]MapCheck: Map check complete: 0 Error(s), 0 Warning(s), took 98.484ms to complete.
[2018.09.07-22.06.10:997][  0]LogFileHelpers: Loading map 'ThirdPersonExampleMap' took 3.636
[2018.09.07-22.06.11:398][  0]LogSlate: Updating window title bar state: overlay mode, drag disabled, window buttons hidden, title bar hidden
[2018.09.07-22.06.11:436][  0]LogSlate: Updating window title bar state: overlay mode, drag disabled, window buttons hidden, title bar hidden
[2018.09.07-22.06.11:445][  0]LogSlate: Updating window title bar state: overlay mode, drag disabled, window buttons hidden, title bar hidden
[2018.09.07-22.06.11:454][  0]LogSlate: Updating window title bar state: overlay mode, drag disabled, window buttons hidden, title bar hidden
[2018.09.07-22.06.11:471][  0]LogCollectionManager: Loaded 0 collections in 0.008892 seconds
[2018.09.07-22.06.11:553][  0]LogFileCache: Scanning file cache for directory 'D:/GameDev/_Projects/RunR/Saved/Collections/' took 0.01s
[2018.09.07-22.06.11:553][  0]LogFileCache: Scanning file cache for directory 'D:/GameDev/_Projects/RunR/Content/Developers/maloo/Collections/' took 0.01s
[2018.09.07-22.06.11:553][  0]LogFileCache: Scanning file cache for directory 'D:/GameDev/_Projects/RunR/Content/Collections/' took 0.01s
[2018.09.07-22.06.11:554][  0]LogCollectionManager: Rebuilt the GUID cache for 0 collections in 0.000001 seconds
[2018.09.07-22.06.11:566][  0]LogContentBrowser: Native class hierarchy populated in 0.0130 seconds. Added 2572 classes and 603 folders.
[2018.09.07-22.06.11:613][  0]LogContentBrowser: Native class hierarchy updated for 'WidgetCarousel' in 0.0003 seconds. Added 0 classes and 0 folders.
[2018.09.07-22.06.12:644][  0]LogContentBrowser: Native class hierarchy updated for 'AddContentDialog' in 0.0004 seconds. Added 0 classes and 0 folders.
[2018.09.07-22.06.12:700][  0]LogContentBrowser: Native class hierarchy updated for 'SceneOutliner' in 0.0003 seconds. Added 1 classes and 2 folders.
[2018.09.07-22.06.13:598][  0]LogSlate: Took 0.000273 seconds to synchronously load lazily loaded font '../../../Engine/Content/Slate/Fonts/Roboto-Regular.ttf' (155K)
[2018.09.07-22.06.13:601][  0]LogSlate: Took 0.000389 seconds to synchronously load lazily loaded font '../../../Engine/Content/Slate/Fonts/Roboto-Bold.ttf' (160K)
[2018.09.07-22.06.13:657][  0]LogSlate: Took 0.027624 seconds to synchronously load lazily loaded font '../../../Engine/Content/Editor/Slate/Fonts/FontAwesome.ttf' (139K)
[2018.09.07-22.06.14:039][  0]LogRenderer: Reallocating scene render targets to support 1072x452 Format 10 NumSamples 1 (Frame:1).
[2018.09.07-22.06.14:402][  0]LogContentBrowser: Native class hierarchy updated for 'HierarchicalLODOutliner' in 0.0004 seconds. Added 0 classes and 0 folders.
[2018.09.07-22.06.14:402][  0]LogLoad: (Engine Initialization) Total time: 20.53 seconds
[2018.09.07-22.06.14:402][  0]LogLoad: (Engine Initialization) Total Blueprint compile time: 0.00 seconds
[2018.09.07-22.06.14:421][  0]LogWindowsTextInputMethodSystem: Display: IME system now deactivated.
[2018.09.07-22.06.14:423][  0]LoadErrors: Error: /Game/ThirdPersonBP/Blueprints/RunCharacter : Failed import for ObjectProperty /Game/ThirdPersonBP/ELYMan/ELYAnimBP.ELYAnimBP_C:Blend Referenced by export Function /Game/ThirdPersonBP/Blueprints/RunCharacter.RunCharacter_C:ExecuteUbergraph_RunCharacter
[2018.09.07-22.06.14:474][  0]LogContentStreaming: Texture pool size now 3000 MB
[2018.09.07-22.06.14:482][  0]LogSlate: FSceneViewport::OnFocusLost() reason 2
[2018.09.07-22.06.14:753][  1]LogAssetRegistry: Asset discovery search completed in 12.9290 seconds
[2018.09.07-22.06.14:756][  1]LogCollectionManager: Rebuilt the object cache for 0 collections in 0.000001 seconds (found 0 objects)
[2018.09.07-22.06.14:756][  1]LogCollectionManager: Fixed up redirectors for 0 collections in 0.000082 seconds (updated 0 objects)
[2018.09.07-22.06.15:502][ 32]LogSlate: Took 0.017049 seconds to synchronously load lazily loaded font '../../../Engine/Content/Slate/Fonts/Roboto-Light.ttf' (167K)
[2018.09.07-22.06.39:984][774]LogSlate: Window 'Message Log' being destroyed
[2018.09.07-22.06.39:991][774]LogSlate: Window 'Message Log' being destroyed
[2018.09.07-22.06.40:770][821]LogSlate: FSceneViewport::OnFocusLost() reason 0
[2018.09.07-22.06.40:854][826]LogTemp: Repeating last play command: Selected Viewport
[2018.09.07-22.06.40:910][826]LogBlueprintUserMessages: Early PlayInEditor Detection: Level '/Game/ThirdPersonBP/Maps/ThirdPersonExampleMap.ThirdPersonExampleMap:PersistentLevel' has LevelScriptBlueprint '/Game/ThirdPersonBP/Maps/ThirdPersonExampleMap.ThirdPersonExampleMap:PersistentLevel.ThirdPersonExampleMap' with GeneratedClass '/Game/ThirdPersonBP/Maps/ThirdPersonExampleMap.ThirdPersonExampleMap_C' with ClassGeneratedBy '/Game/ThirdPersonBP/Maps/ThirdPersonExampleMap.ThirdPersonExampleMap:PersistentLevel.ThirdPersonExampleMap'
[2018.09.07-22.06.40:910][826]LogPlayLevel: PlayLevel: No blueprints needed recompiling
[2018.09.07-22.06.40:948][826]PIE: New page: PIE session: ThirdPersonExampleMap (Sep 7, 2018, 2:06:40 PM)
[2018.09.07-22.06.40:948][826]LogPlayLevel: Creating play world package: /Game/ThirdPersonBP/Maps/UEDPIE_0_ThirdPersonExampleMap
[2018.09.07-22.06.40:994][826]LogPlayLevel: PIE: StaticDuplicateObject took: (0.046452s)
[2018.09.07-22.06.40:995][826]LogAIModule: Creating AISystem for world ThirdPersonExampleMap
[2018.09.07-22.06.40:995][826]LogPlayLevel: PIE: World Init took: (0.001122s)
[2018.09.07-22.06.40:996][826]LogPlayLevel: PIE: Created PIE world by copying editor world from /Game/ThirdPersonBP/Maps/ThirdPersonExampleMap.ThirdPersonExampleMap to /Game/ThirdPersonBP/Maps/UEDPIE_0_ThirdPersonExampleMap.ThirdPersonExampleMap (0.048150s)
[2018.09.07-22.06.41:029][826]LogInit: XAudio2 using 'Speakers / Headphones (Realtek Audio)' : 6 channels at 48 kHz using 32 bits per sample (channel mask 0x3f)
[2018.09.07-22.06.41:103][826]LogInit: FAudioDevice initialized.
[2018.09.07-22.06.43:366][826]LogLoad: Game class is 'RunGameMode_C'
[2018.09.07-22.06.43:381][826]LogWorld: Bringing World /Game/ThirdPersonBP/Maps/UEDPIE_0_ThirdPersonExampleMap.ThirdPersonExampleMap up for play (max tick rate 60) at 2018.09.07-18.06.43
[2018.09.07-22.06.43:403][826]LogWorld: Bringing up level for play took: 0.024706
[2018.09.07-22.06.43:473][826]LogContentBrowser: Native class hierarchy updated for 'MovieSceneCapture' in 0.0003 seconds. Added 10 classes and 0 folders.
[2018.09.07-22.06.43:549][826]PIE: Play in editor start time for /Game/ThirdPersonBP/Maps/UEDPIE_0_ThirdPersonExampleMap 2.818
[2018.09.07-22.06.43:549][826]LogBlueprintUserMessages: Late PlayInEditor Detection: Level '/Game/ThirdPersonBP/Maps/ThirdPersonExampleMap.ThirdPersonExampleMap:PersistentLevel' has LevelScriptBlueprint '/Game/ThirdPersonBP/Maps/ThirdPersonExampleMap.ThirdPersonExampleMap:PersistentLevel.ThirdPersonExampleMap' with GeneratedClass '/Game/ThirdPersonBP/Maps/ThirdPersonExampleMap.ThirdPersonExampleMap_C' with ClassGeneratedBy '/Game/ThirdPersonBP/Maps/ThirdPersonExampleMap.ThirdPersonExampleMap:PersistentLevel.ThirdPersonExampleMap'
[2018.09.07-22.06.44:739][890]LogBlueprintUserMessages: Early EndPlayMap Detection: Level '/Game/ThirdPersonBP/Maps/ThirdPersonExampleMap.ThirdPersonExampleMap:PersistentLevel' has LevelScriptBlueprint '/Game/ThirdPersonBP/Maps/ThirdPersonExampleMap.ThirdPersonExampleMap:PersistentLevel.ThirdPersonExampleMap' with GeneratedClass '/Game/ThirdPersonBP/Maps/ThirdPersonExampleMap.ThirdPersonExampleMap_C' with ClassGeneratedBy '/Game/ThirdPersonBP/Maps/ThirdPersonExampleMap.ThirdPersonExampleMap:PersistentLevel.ThirdPersonExampleMap'
[2018.09.07-22.06.44:767][890]LogSlate: Updating window title bar state: overlay mode, drag disabled, window buttons hidden, title bar hidden
[2018.09.07-22.06.44:803][890]LogPlayLevel: Display: Shutting down PIE online subsystems
[2018.09.07-22.06.44:803][890]LogBlueprintUserMessages: Late EndPlayMap Detection: Level '/Game/ThirdPersonBP/Maps/ThirdPersonExampleMap.ThirdPersonExampleMap:PersistentLevel' has LevelScriptBlueprint '/Game/ThirdPersonBP/Maps/ThirdPersonExampleMap.ThirdPersonExampleMap:PersistentLevel.ThirdPersonExampleMap' with GeneratedClass '/Game/ThirdPersonBP/Maps/ThirdPersonExampleMap.ThirdPersonExampleMap_C' with ClassGeneratedBy '/Game/ThirdPersonBP/Maps/ThirdPersonExampleMap.ThirdPersonExampleMap:PersistentLevel.ThirdPersonExampleMap'
[2018.09.07-22.06.44:830][890]LogSlate: Updating window title bar state: overlay mode, drag disabled, window buttons hidden, title bar hidden
[2018.09.07-22.06.44:846][891]LogPlayLevel: Display: Destroying online subsystem :Context_7
[2018.09.07-22.06.50:942][233]LogAIModule: Creating AISystem for world MainRun
[2018.09.07-22.06.50:948][233]LogAssetEditorManager: Opening Asset editor for World /Game/ThirdPersonBP/Maps/MainRun.MainRun
[2018.09.07-22.06.50:994][233]Cmd: MAP LOAD FILE="../../../../GameDev/_Projects/RunR/Content/ThirdPersonBP/Maps/MainRun.umap" TEMPLATE=0 SHOWPROGRESS=1 FEATURELEVEL=3
[2018.09.07-22.06.50:994][233]LightingResults: New page: Lighting Build
[2018.09.07-22.06.50:995][233]LoadErrors: New page: Loading map: MainRun.umap
[2018.09.07-22.06.50:995][233]MapCheck: New page: Map Check
[2018.09.07-22.06.50:995][233]LightingResults: New page: Lighting Build
[2018.09.07-22.06.51:139][233]LogEditorServer: Finished looking for orphan Actors (0.000 secs)
[2018.09.07-22.06.51:197][233]Cmd: MAP CHECKDEP NOCLEARLOG
[2018.09.07-22.06.51:287][233]MapCheck: Map check complete: 0 Error(s), 0 Warning(s), took 89.761ms to complete.
[2018.09.07-22.06.51:287][233]LogFileHelpers: Loading map 'MainRun' took 0.295
[2018.09.07-22.06.52:341][289]LogTemp: Repeating last play command: Selected Viewport
[2018.09.07-22.06.52:359][289]LogPlayLevel: PlayLevel: No blueprints needed recompiling
[2018.09.07-22.06.52:359][289]PIE: New page: PIE session: MainRun (Sep 7, 2018, 2:06:52 PM)
[2018.09.07-22.06.52:359][289]LogPlayLevel: Creating play world package: /Game/ThirdPersonBP/Maps/UEDPIE_0_MainRun
[2018.09.07-22.06.52:362][289]LogPlayLevel: PIE: StaticDuplicateObject took: (0.002997s)
[2018.09.07-22.06.52:363][289]LogAIModule: Creating AISystem for world MainRun
[2018.09.07-22.06.52:363][289]LogPlayLevel: PIE: World Init took: (0.000793s)
[2018.09.07-22.06.52:363][289]LogPlayLevel: PIE: Created PIE world by copying editor world from /Game/ThirdPersonBP/Maps/MainRun.MainRun to /Game/ThirdPersonBP/Maps/UEDPIE_0_MainRun.MainRun (0.003929s)
[2018.09.07-22.06.52:396][289]LogInit: XAudio2 using 'Speakers / Headphones (Realtek Audio)' : 6 channels at 48 kHz using 32 bits per sample (channel mask 0x3f)
[2018.09.07-22.06.52:472][289]LogInit: FAudioDevice initialized.
[2018.09.07-22.06.52:507][289]LogLoad: Game class is 'RunGameMode_C'
[2018.09.07-22.06.52:508][289]LogWorld: Bringing World /Game/ThirdPersonBP/Maps/UEDPIE_0_MainRun.MainRun up for play (max tick rate 60) at 2018.09.07-18.06.52
[2018.09.07-22.06.52:508][289]LogWorld: Bringing up level for play took: 0.000637
[2018.09.07-22.06.52:591][289]PIE: Play in editor start time for /Game/ThirdPersonBP/Maps/UEDPIE_0_MainRun -0.14
[2018.09.07-22.06.58:201][620]LogSlate: Updating window title bar state: overlay mode, drag disabled, window buttons hidden, title bar hidden
[2018.09.07-22.06.58:238][620]LogPlayLevel: Display: Shutting down PIE online subsystems
[2018.09.07-22.06.58:267][620]LogSlate: Updating window title bar state: overlay mode, drag disabled, window buttons hidden, title bar hidden
[2018.09.07-22.06.58:306][622]LogPlayLevel: Display: Destroying online subsystem :Context_8
[2018.09.07-22.06.59:039][666]LogSlate: FSceneViewport::OnFocusLost() reason 0
[2018.09.07-22.06.59:122][671]LogTemp: Repeating last play command: Selected Viewport
[2018.09.07-22.06.59:140][671]LogPlayLevel: PlayLevel: No blueprints needed recompiling
[2018.09.07-22.06.59:140][671]PIE: New page: PIE session: MainRun (Sep 7, 2018, 2:06:59 PM)
[2018.09.07-22.06.59:140][671]LogPlayLevel: Creating play world package: /Game/ThirdPersonBP/Maps/UEDPIE_0_MainRun
[2018.09.07-22.06.59:142][671]LogPlayLevel: PIE: StaticDuplicateObject took: (0.002106s)
[2018.09.07-22.06.59:143][671]LogAIModule: Creating AISystem for world MainRun
[2018.09.07-22.06.59:144][671]LogPlayLevel: PIE: World Init took: (0.001415s)
[2018.09.07-22.06.59:144][671]LogPlayLevel: PIE: Created PIE world by copying editor world from /Game/ThirdPersonBP/Maps/MainRun.MainRun to /Game/ThirdPersonBP/Maps/UEDPIE_0_MainRun.MainRun (0.003676s)
[2018.09.07-22.06.59:175][671]LogInit: XAudio2 using 'Speakers / Headphones (Realtek Audio)' : 6 channels at 48 kHz using 32 bits per sample (channel mask 0x3f)
[2018.09.07-22.06.59:252][671]LogInit: FAudioDevice initialized.
[2018.09.07-22.06.59:286][671]LogLoad: Game class is 'RunGameMode_C'
[2018.09.07-22.06.59:287][671]LogWorld: Bringing World /Game/ThirdPersonBP/Maps/UEDPIE_0_MainRun.MainRun up for play (max tick rate 60) at 2018.09.07-18.06.59
[2018.09.07-22.06.59:288][671]LogWorld: Bringing up level for play took: 0.000622
[2018.09.07-22.06.59:322][671]PIE: Play in editor start time for /Game/ThirdPersonBP/Maps/UEDPIE_0_MainRun 0.592
[2018.09.07-22.07.01:758][812]Set new viewmode: Wireframe
[2018.09.07-22.07.02:527][858]LogSlate: Updating window title bar state: overlay mode, drag disabled, window buttons hidden, title bar hidden
[2018.09.07-22.07.02:563][858]LogPlayLevel: Display: Shutting down PIE online subsystems
[2018.09.07-22.07.02:591][858]LogSlate: Updating window title bar state: overlay mode, drag disabled, window buttons hidden, title bar hidden
[2018.09.07-22.07.02:627][860]LogPlayLevel: Display: Destroying online subsystem :Context_9
[2018.09.07-22.07.06:191][ 73]LogSlate: FSceneViewport::OnFocusLost() reason 0
[2018.09.07-22.07.06:323][ 81]LogTemp: Repeating last play command: Selected Viewport
[2018.09.07-22.07.06:344][ 81]LogPlayLevel: PlayLevel: No blueprints needed recompiling
[2018.09.07-22.07.06:344][ 81]PIE: New page: PIE session: MainRun (Sep 7, 2018, 2:07:06 PM)
[2018.09.07-22.07.06:344][ 81]LogPlayLevel: Creating play world package: /Game/ThirdPersonBP/Maps/UEDPIE_0_MainRun
[2018.09.07-22.07.06:346][ 81]LogPlayLevel: PIE: StaticDuplicateObject took: (0.002053s)
[2018.09.07-22.07.06:348][ 81]LogAIModule: Creating AISystem for world MainRun
[2018.09.07-22.07.06:348][ 81]LogPlayLevel: PIE: World Init took: (0.001326s)
[2018.09.07-22.07.06:348][ 81]LogPlayLevel: PIE: Created PIE world by copying editor world from /Game/ThirdPersonBP/Maps/MainRun.MainRun to /Game/ThirdPersonBP/Maps/UEDPIE_0_MainRun.MainRun (0.003504s)
[2018.09.07-22.07.06:377][ 81]LogInit: XAudio2 using 'Speakers / Headphones (Realtek Audio)' : 6 channels at 48 kHz using 32 bits per sample (channel mask 0x3f)
[2018.09.07-22.07.06:450][ 81]LogInit: FAudioDevice initialized.
[2018.09.07-22.07.06:482][ 81]LogLoad: Game class is 'RunGameMode_C'
[2018.09.07-22.07.06:483][ 81]LogWorld: Bringing World /Game/ThirdPersonBP/Maps/UEDPIE_0_MainRun.MainRun up for play (max tick rate 60) at 2018.09.07-18.07.06
[2018.09.07-22.07.06:484][ 81]LogWorld: Bringing up level for play took: 0.000418
[2018.09.07-22.07.06:516][ 81]PIE: Play in editor start time for /Game/ThirdPersonBP/Maps/UEDPIE_0_MainRun -0.214
[2018.09.07-22.07.11:393][372]Cmd: RestartLevel
[2018.09.07-22.07.11:409][373]LogNet: Browse: /Game/ThirdPersonBP/Maps/MainRun?restart
[2018.09.07-22.07.11:409][373]LogLoad: LoadMap: /Game/ThirdPersonBP/Maps/MainRun
[2018.09.07-22.07.11:471][373]LogPlayLevel: Creating play world package: /Game/ThirdPersonBP/Maps/UEDPIE_0_MainRun
[2018.09.07-22.07.11:473][373]LogPlayLevel: PIE: StaticDuplicateObject took: (0.002188s)
[2018.09.07-22.07.11:474][373]LogAIModule: Creating AISystem for world MainRun
[2018.09.07-22.07.11:474][373]LogPlayLevel: PIE: World Init took: (0.000782s)
[2018.09.07-22.07.11:474][373]LogPlayLevel: PIE: Created PIE world by copying editor world from /Game/ThirdPersonBP/Maps/MainRun.MainRun to /Game/ThirdPersonBP/Maps/UEDPIE_0_MainRun.MainRun (0.003219s)
[2018.09.07-22.07.11:474][373]LogLoad: Game class is 'RunGameMode_C'
[2018.09.07-22.07.11:475][373]LogWorld: Bringing World /Game/ThirdPersonBP/Maps/UEDPIE_0_MainRun.MainRun up for play (max tick rate 60) at 2018.09.07-18.07.11
[2018.09.07-22.07.11:475][373]LogWorld: Bringing up level for play took: 0.000512
[2018.09.07-22.07.11:498][373]LogLoad: Took 0.088890 seconds to LoadMap(/Game/ThirdPersonBP/Maps/UEDPIE_0_MainRun)
[2018.09.07-22.07.14:234][537]Cmd: RestartLevel
[2018.09.07-22.07.14:250][538]LogNet: Browse: /Game/ThirdPersonBP/Maps/MainRun?restart
[2018.09.07-22.07.14:250][538]LogLoad: LoadMap: /Game/ThirdPersonBP/Maps/MainRun
[2018.09.07-22.07.14:280][538]LogPlayLevel: Creating play world package: /Game/ThirdPersonBP/Maps/UEDPIE_0_MainRun
[2018.09.07-22.07.14:282][538]LogPlayLevel: PIE: StaticDuplicateObject took: (0.001776s)
[2018.09.07-22.07.14:282][538]LogAIModule: Creating AISystem for world MainRun
[2018.09.07-22.07.14:283][538]LogPlayLevel: PIE: World Init took: (0.001001s)
[2018.09.07-22.07.14:283][538]LogPlayLevel: PIE: Created PIE world by copying editor world from /Game/ThirdPersonBP/Maps/MainRun.MainRun to /Game/ThirdPersonBP/Maps/UEDPIE_0_MainRun.MainRun (0.002951s)
[2018.09.07-22.07.14:283][538]LogLoad: Game class is 'RunGameMode_C'
[2018.09.07-22.07.14:284][538]LogWorld: Bringing World /Game/ThirdPersonBP/Maps/UEDPIE_0_MainRun.MainRun up for play (max tick rate 60) at 2018.09.07-18.07.14
[2018.09.07-22.07.14:285][538]LogWorld: Bringing up level for play took: 0.000715
[2018.09.07-22.07.14:311][538]LogLoad: Took 0.061315 seconds to LoadMap(/Game/ThirdPersonBP/Maps/UEDPIE_0_MainRun)
[2018.09.07-22.07.37:930][926]LogSlate: Updating window title bar state: overlay mode, drag disabled, window buttons hidden, title bar hidden
[2018.09.07-22.07.37:971][926]LogPlayLevel: Display: Shutting down PIE online subsystems
[2018.09.07-22.07.38:002][926]LogSlate: Updating window title bar state: overlay mode, drag disabled, window buttons hidden, title bar hidden
[2018.09.07-22.07.38:043][928]LogPlayLevel: Display: Destroying online subsystem :Context_10
[2018.09.07-22.07.42:913][220]LogSlate: FSceneViewport::OnFocusLost() reason 0
[2018.09.07-22.07.43:045][226]LogAssetEditorManager: Opening Asset editor for Blueprint /Game/ThirdPersonBP/Blueprints/RunCharacter.RunCharacter
[2018.09.07-22.07.44:214][226]LogContentBrowser: Native class hierarchy updated for 'BlueprintGraph' in 0.0007 seconds. Added 116 classes and 0 folders.
[2018.09.07-22.07.45:843][226]LogAssetEditorManager: Opening Asset editor for AnimBlueprint /Game/ThirdPersonBP/ELYMan/ELYAnimBP.ELYAnimBP
[2018.09.07-22.07.45:994][226]LogContentBrowser: Native class hierarchy updated for 'SkeletonEditor' in 0.0005 seconds. Added 1 classes and 2 folders.
[2018.09.07-22.07.46:704][226]LogActorComponent: RegisterComponentWithWorld: (/Engine/Transient.World_8:PersistentLevel.AnimationEditorPreviewActor_0.DebugSkelMeshComponent_0) Already registered. Aborting.
[2018.09.07-22.07.46:744][226]LogContentBrowser: Native class hierarchy updated for 'PinnedCommandList' in 0.0003 seconds. Added 1 classes and 0 folders.
[2018.09.07-22.07.47:169][226]LogSkeletalMesh: USkeletalMeshComponent::InitArticulated : Bodies already created (/Engine/Transient.World_8:PersistentLevel.AnimationEditorPreviewActor_0.DebugSkelMeshComponent_0) - call TermArticulated first.
[2018.09.07-22.07.47:869][226]LogSlate: Took 0.031004 seconds to synchronously load lazily loaded font '../../../Engine/Content/Slate/Fonts/Roboto-BoldCondensed.ttf' (158K)
[2018.09.07-22.07.47:989][226]LogContentBrowser: Native class hierarchy updated for 'ClothingSystemEditorInterface' in 0.0003 seconds. Added 1 classes and 0 folders.
[2018.09.07-22.07.54:949][616]LogSlate: Window 'ELYAnimBP' being destroyed
[2018.09.07-22.07.54:956][616]LogSlate: Window 'ELYAnimBP' being destroyed
[2018.09.07-22.07.56:476][686]LogSlate: FSceneViewport::OnFocusLost() reason 0
[2018.09.07-22.09.06:936][779]LogSlate: Took 0.000426 seconds to synchronously load lazily loaded font '../../../Engine/Content/Slate/Fonts/Roboto-Light.ttf' (167K)
[2018.09.07-22.09.19:919][779]LogSlate: Window 'Delete Assets' being destroyed
[2018.09.07-22.09.26:496][162]LogAssetEditorManager: Opening Asset editor for Blueprint /Game/ThirdPersonBP/Blueprints/RunCharacter.RunCharacter
[2018.09.07-22.09.27:259][163]LogSlate: Took 0.024472 seconds to synchronously load lazily loaded font '../../../Engine/Content/Slate/Fonts/Roboto-Italic.ttf' (157K)
[2018.09.07-22.09.50:111][470]BlueprintLog: New page: Compile RunCharacter
[2018.09.07-22.09.51:195][501]Cmd: OBJ SAVEPACKAGE PACKAGE="/Game/ThirdPersonBP/Blueprints/RunCharacter" FILE="../../../../GameDev/_Projects/RunR/Content/ThirdPersonBP/Blueprints/RunCharacter.uasset" SILENT=true
[2018.09.07-22.09.51:486][501]LogSavePackage: Moving '../../../../GameDev/_Projects/RunR/Saved/RunCharacter572ED7FE4DCE89913CF2AF9EBD796303.tmp' to '../../../../GameDev/_Projects/RunR/Content/ThirdPersonBP/Blueprints/RunCharacter.uasset'
[2018.09.07-22.09.56:345][787]LogTemp: Repeating last play command: Selected Viewport
[2018.09.07-22.09.56:364][787]LogPlayLevel: PlayLevel: No blueprints needed recompiling
[2018.09.07-22.09.56:366][787]PIE: New page: PIE session: MainRun (Sep 7, 2018, 2:09:56 PM)
[2018.09.07-22.09.56:366][787]LogPlayLevel: Creating play world package: /Game/ThirdPersonBP/Maps/UEDPIE_0_MainRun
[2018.09.07-22.09.56:368][787]LogPlayLevel: PIE: StaticDuplicateObject took: (0.002972s)
[2018.09.07-22.09.56:369][787]LogAIModule: Creating AISystem for world MainRun
[2018.09.07-22.09.56:369][787]LogPlayLevel: PIE: World Init took: (0.001532s)
[2018.09.07-22.09.56:371][787]LogPlayLevel: PIE: Created PIE world by copying editor world from /Game/ThirdPersonBP/Maps/MainRun.MainRun to /Game/ThirdPersonBP/Maps/UEDPIE_0_MainRun.MainRun (0.004758s)
[2018.09.07-22.09.56:404][787]LogInit: XAudio2 using 'Speakers / Headphones (Realtek Audio)' : 6 channels at 48 kHz using 32 bits per sample (channel mask 0x3f)
[2018.09.07-22.09.56:479][787]LogInit: FAudioDevice initialized.
[2018.09.07-22.09.56:511][787]LogLoad: Game class is 'RunGameMode_C'
[2018.09.07-22.09.56:512][787]LogWorld: Bringing World /Game/ThirdPersonBP/Maps/UEDPIE_0_MainRun.MainRun up for play (max tick rate 60) at 2018.09.07-18.09.56
[2018.09.07-22.09.56:512][787]LogWorld: Bringing up level for play took: 0.000672
[2018.09.07-22.09.56:544][787]PIE: Play in editor start time for /Game/ThirdPersonBP/Maps/UEDPIE_0_MainRun -0.187
[2018.09.07-22.10.03:753][218]Cmd: RestartLevel
[2018.09.07-22.10.03:767][219]LogNet: Browse: /Game/ThirdPersonBP/Maps/MainRun?restart
[2018.09.07-22.10.03:767][219]LogLoad: LoadMap: /Game/ThirdPersonBP/Maps/MainRun
[2018.09.07-22.10.03:806][219]LogPlayLevel: Creating play world package: /Game/ThirdPersonBP/Maps/UEDPIE_0_MainRun
[2018.09.07-22.10.03:808][219]LogPlayLevel: PIE: StaticDuplicateObject took: (0.001931s)
[2018.09.07-22.10.03:809][219]LogAIModule: Creating AISystem for world MainRun
[2018.09.07-22.10.03:809][219]LogPlayLevel: PIE: World Init took: (0.000818s)
[2018.09.07-22.10.03:809][219]LogPlayLevel: PIE: Created PIE world by copying editor world from /Game/ThirdPersonBP/Maps/MainRun.MainRun to /Game/ThirdPersonBP/Maps/UEDPIE_0_MainRun.MainRun (0.002927s)
[2018.09.07-22.10.03:809][219]LogLoad: Game class is 'RunGameMode_C'
[2018.09.07-22.10.03:810][219]LogWorld: Bringing World /Game/ThirdPersonBP/Maps/UEDPIE_0_MainRun.MainRun up for play (max tick rate 60) at 2018.09.07-18.10.03
[2018.09.07-22.10.03:810][219]LogWorld: Bringing up level for play took: 0.000433
[2018.09.07-22.10.03:832][219]LogLoad: Took 0.064278 seconds to LoadMap(/Game/ThirdPersonBP/Maps/UEDPIE_0_MainRun)
[2018.09.07-22.10.10:528][620]LogSlate: Updating window title bar state: overlay mode, drag disabled, window buttons hidden, title bar hidden
[2018.09.07-22.10.10:570][620]LogPlayLevel: Display: Shutting down PIE online subsystems
[2018.09.07-22.10.10:609][620]LogSlate: Updating window title bar state: overlay mode, drag disabled, window buttons hidden, title bar hidden
[2018.09.07-22.10.10:636][621]LogPlayLevel: Display: Destroying online subsystem :Context_24
[2018.09.07-22.10.11:805][691]LogSlate: FSceneViewport::OnFocusLost() reason 0
[2018.09.07-22.10.11:904][697]LogTemp: Repeating last play command: Selected Viewport
[2018.09.07-22.10.11:925][697]LogPlayLevel: PlayLevel: No blueprints needed recompiling
[2018.09.07-22.10.11:925][697]PIE: New page: PIE session: MainRun (Sep 7, 2018, 2:10:11 PM)
[2018.09.07-22.10.11:925][697]LogPlayLevel: Creating play world package: /Game/ThirdPersonBP/Maps/UEDPIE_0_MainRun
[2018.09.07-22.10.11:927][697]LogPlayLevel: PIE: StaticDuplicateObject took: (0.001763s)
[2018.09.07-22.10.11:928][697]LogAIModule: Creating AISystem for world MainRun
[2018.09.07-22.10.11:928][697]LogPlayLevel: PIE: World Init took: (0.000838s)
[2018.09.07-22.10.11:928][697]LogPlayLevel: PIE: Created PIE world by copying editor world from /Game/ThirdPersonBP/Maps/MainRun.MainRun to /Game/ThirdPersonBP/Maps/UEDPIE_0_MainRun.MainRun (0.002751s)
[2018.09.07-22.10.11:960][697]LogInit: XAudio2 using 'Speakers / Headphones (Realtek Audio)' : 6 channels at 48 kHz using 32 bits per sample (channel mask 0x3f)
[2018.09.07-22.10.12:035][697]LogInit: FAudioDevice initialized.
[2018.09.07-22.10.12:064][697]LogLoad: Game class is 'RunGameMode_C'
[2018.09.07-22.10.12:066][697]LogWorld: Bringing World /Game/ThirdPersonBP/Maps/UEDPIE_0_MainRun.MainRun up for play (max tick rate 60) at 2018.09.07-18.10.12
[2018.09.07-22.10.12:066][697]LogWorld: Bringing up level for play took: 0.000674
[2018.09.07-22.10.12:107][697]PIE: Play in editor start time for /Game/ThirdPersonBP/Maps/UEDPIE_0_MainRun -0.623
[2018.09.07-22.10.19:388][131]Cmd: RestartLevel
[2018.09.07-22.10.19:404][132]LogNet: Browse: /Game/ThirdPersonBP/Maps/MainRun?restart
[2018.09.07-22.10.19:404][132]LogLoad: LoadMap: /Game/ThirdPersonBP/Maps/MainRun
[2018.09.07-22.10.19:440][132]LogPlayLevel: Creating play world package: /Game/ThirdPersonBP/Maps/UEDPIE_0_MainRun
[2018.09.07-22.10.19:441][132]LogPlayLevel: PIE: StaticDuplicateObject took: (0.001665s)
[2018.09.07-22.10.19:442][132]LogAIModule: Creating AISystem for world MainRun
[2018.09.07-22.10.19:442][132]LogPlayLevel: PIE: World Init took: (0.000875s)
[2018.09.07-22.10.19:442][132]LogPlayLevel: PIE: Created PIE world by copying editor world from /Game/ThirdPersonBP/Maps/MainRun.MainRun to /Game/ThirdPersonBP/Maps/UEDPIE_0_MainRun.MainRun (0.002708s)
[2018.09.07-22.10.19:442][132]LogLoad: Game class is 'RunGameMode_C'
[2018.09.07-22.10.19:444][132]LogWorld: Bringing World /Game/ThirdPersonBP/Maps/UEDPIE_0_MainRun.MainRun up for play (max tick rate 60) at 2018.09.07-18.10.19
[2018.09.07-22.10.19:444][132]LogWorld: Bringing up level for play took: 0.000736
[2018.09.07-22.10.19:467][132]LogLoad: Took 0.063668 seconds to LoadMap(/Game/ThirdPersonBP/Maps/UEDPIE_0_MainRun)
[2018.09.07-22.10.27:283][600]LogSlate: Updating window title bar state: overlay mode, drag disabled, window buttons hidden, title bar hidden
[2018.09.07-22.10.27:319][600]LogPlayLevel: Display: Shutting down PIE online subsystems
[2018.09.07-22.10.27:351][600]LogSlate: Updating window title bar state: overlay mode, drag disabled, window buttons hidden, title bar hidden
[2018.09.07-22.10.27:398][602]LogPlayLevel: Display: Destroying online subsystem :Context_25
[2018.09.07-22.10.30:352][773]LogSlate: FSceneViewport::OnFocusLost() reason 2
[2018.09.07-22.10.32:785][903]LogEditorTransaction: Undo Delete current selection
[2018.09.07-22.10.33:598][940]LogEditorTransaction: Undo Delete current selection
[2018.09.07-22.10.36:752][113]BlueprintLog: New page: Compile RunCharacter
[2018.09.07-22.10.37:566][137]Cmd: OBJ SAVEPACKAGE PACKAGE="/Game/ThirdPersonBP/Blueprints/RunCharacter" FILE="../../../../GameDev/_Projects/RunR/Content/ThirdPersonBP/Blueprints/RunCharacter.uasset" SILENT=true
[2018.09.07-22.10.37:636][137]LogSavePackage: Moving '../../../../GameDev/_Projects/RunR/Saved/RunCharacter5D5202404202789EF2753A921835875E.tmp' to '../../../../GameDev/_Projects/RunR/Content/ThirdPersonBP/Blueprints/RunCharacter.uasset'
[2018.09.07-22.10.38:914][206]LogSlate: FSceneViewport::OnFocusLost() reason 0
[2018.09.07-22.10.41:416][353]LogSlate: FSceneViewport::OnFocusLost() reason 0
[2018.09.07-22.10.41:497][358]LogTemp: Repeating last play command: Selected Viewport
[2018.09.07-22.10.41:518][358]LogPlayLevel: PlayLevel: No blueprints needed recompiling
[2018.09.07-22.10.41:518][358]PIE: New page: PIE session: MainRun (Sep 7, 2018, 2:10:41 PM)
[2018.09.07-22.10.41:518][358]LogPlayLevel: Creating play world package: /Game/ThirdPersonBP/Maps/UEDPIE_0_MainRun
[2018.09.07-22.10.41:520][358]LogPlayLevel: PIE: StaticDuplicateObject took: (0.001693s)
[2018.09.07-22.10.41:521][358]LogAIModule: Creating AISystem for world MainRun
[2018.09.07-22.10.41:521][358]LogPlayLevel: PIE: World Init took: (0.001076s)
[2018.09.07-22.10.41:521][358]LogPlayLevel: PIE: Created PIE world by copying editor world from /Game/ThirdPersonBP/Maps/MainRun.MainRun to /Game/ThirdPersonBP/Maps/UEDPIE_0_MainRun.MainRun (0.002918s)
[2018.09.07-22.10.41:557][358]LogInit: XAudio2 using 'Speakers / Headphones (Realtek Audio)' : 6 channels at 48 kHz using 32 bits per sample (channel mask 0x3f)
[2018.09.07-22.10.41:636][358]LogInit: FAudioDevice initialized.
[2018.09.07-22.10.41:667][358]LogLoad: Game class is 'RunGameMode_C'
[2018.09.07-22.10.41:669][358]LogWorld: Bringing World /Game/ThirdPersonBP/Maps/UEDPIE_0_MainRun.MainRun up for play (max tick rate 60) at 2018.09.07-18.10.41
[2018.09.07-22.10.41:669][358]LogWorld: Bringing up level for play took: 0.000567
[2018.09.07-22.10.41:706][358]PIE: Play in editor start time for /Game/ThirdPersonBP/Maps/UEDPIE_0_MainRun 0.975
[2018.09.07-22.10.57:729][318]LogSlate: Updating window title bar state: overlay mode, drag disabled, window buttons hidden, title bar hidden
[2018.09.07-22.10.57:767][318]LogPlayLevel: Display: Shutting down PIE online subsystems
[2018.09.07-22.10.57:805][318]LogSlate: Updating window title bar state: overlay mode, drag disabled, window buttons hidden, title bar hidden
[2018.09.07-22.10.57:830][319]LogPlayLevel: Display: Destroying online subsystem :Context_26
[2018.09.07-22.11.02:943][617]LogSlate: FSceneViewport::OnFocusLost() reason 2
[2018.09.07-22.11.35:176][437]BlueprintLog: New page: Compile RunCharacter
[2018.09.07-22.11.36:165][472]Cmd: OBJ SAVEPACKAGE PACKAGE="/Game/ThirdPersonBP/Blueprints/RunCharacter" FILE="../../../../GameDev/_Projects/RunR/Content/ThirdPersonBP/Blueprints/RunCharacter.uasset" SILENT=true
[2018.09.07-22.11.36:233][472]LogSavePackage: Moving '../../../../GameDev/_Projects/RunR/Saved/RunCharacter455557BF4C7B5C05228659A75BF1353B.tmp' to '../../../../GameDev/_Projects/RunR/Content/ThirdPersonBP/Blueprints/RunCharacter.uasset'
[2018.09.07-22.11.37:330][533]LogSlate: FSceneViewport::OnFocusLost() reason 0
[2018.09.07-22.11.38:147][582]LogSlate: FSceneViewport::OnFocusLost() reason 0
[2018.09.07-22.11.38:763][619]LogTemp: Repeating last play command: Selected Viewport
[2018.09.07-22.11.38:786][619]LogPlayLevel: PlayLevel: No blueprints needed recompiling
[2018.09.07-22.11.38:786][619]PIE: New page: PIE session: MainRun (Sep 7, 2018, 2:11:38 PM)
[2018.09.07-22.11.38:786][619]LogPlayLevel: Creating play world package: /Game/ThirdPersonBP/Maps/UEDPIE_0_MainRun
[2018.09.07-22.11.38:788][619]LogPlayLevel: PIE: StaticDuplicateObject took: (0.002062s)
[2018.09.07-22.11.38:789][619]LogAIModule: Creating AISystem for world MainRun
[2018.09.07-22.11.38:789][619]LogPlayLevel: PIE: World Init took: (0.000947s)
[2018.09.07-22.11.38:789][619]LogPlayLevel: PIE: Created PIE world by copying editor world from /Game/ThirdPersonBP/Maps/MainRun.MainRun to /Game/ThirdPersonBP/Maps/UEDPIE_0_MainRun.MainRun (0.003166s)
[2018.09.07-22.11.38:828][619]LogInit: XAudio2 using 'Speakers / Headphones (Realtek Audio)' : 6 channels at 48 kHz using 32 bits per sample (channel mask 0x3f)
[2018.09.07-22.11.38:904][619]LogInit: FAudioDevice initialized.
[2018.09.07-22.11.38:938][619]LogLoad: Game class is 'RunGameMode_C'
[2018.09.07-22.11.38:939][619]LogWorld: Bringing World /Game/ThirdPersonBP/Maps/UEDPIE_0_MainRun.MainRun up for play (max tick rate 60) at 2018.09.07-18.11.38
[2018.09.07-22.11.38:939][619]LogWorld: Bringing up level for play took: 0.000500
[2018.09.07-22.11.38:965][619]PIE: Play in editor start time for /Game/ThirdPersonBP/Maps/UEDPIE_0_MainRun 0.234
[2018.09.07-22.11.44:614][957]Cmd: RestartLevel
[2018.09.07-22.11.44:630][958]LogNet: Browse: /Game/ThirdPersonBP/Maps/MainRun?restart
[2018.09.07-22.11.44:631][958]LogLoad: LoadMap: /Game/ThirdPersonBP/Maps/MainRun
[2018.09.07-22.11.44:665][958]LogPlayLevel: Creating play world package: /Game/ThirdPersonBP/Maps/UEDPIE_0_MainRun
[2018.09.07-22.11.44:668][958]LogPlayLevel: PIE: StaticDuplicateObject took: (0.002569s)
[2018.09.07-22.11.44:669][958]LogAIModule: Creating AISystem for world MainRun
[2018.09.07-22.11.44:669][958]LogPlayLevel: PIE: World Init took: (0.000958s)
[2018.09.07-22.11.44:669][958]LogPlayLevel: PIE: Created PIE world by copying editor world from /Game/ThirdPersonBP/Maps/MainRun.MainRun to /Game/ThirdPersonBP/Maps/UEDPIE_0_MainRun.MainRun (0.003734s)
[2018.09.07-22.11.44:669][958]LogLoad: Game class is 'RunGameMode_C'
[2018.09.07-22.11.44:671][958]LogWorld: Bringing World /Game/ThirdPersonBP/Maps/UEDPIE_0_MainRun.MainRun up for play (max tick rate 60) at 2018.09.07-18.11.44
[2018.09.07-22.11.44:671][958]LogWorld: Bringing up level for play took: 0.000847
[2018.09.07-22.11.44:695][958]LogLoad: Took 0.063656 seconds to LoadMap(/Game/ThirdPersonBP/Maps/UEDPIE_0_MainRun)
[2018.09.07-22.11.45:048][979]LogSlate: Updating window title bar state: overlay mode, drag disabled, window buttons hidden, title bar hidden
[2018.09.07-22.11.45:089][979]LogPlayLevel: Display: Shutting down PIE online subsystems
[2018.09.07-22.11.45:125][979]LogSlate: Updating window title bar state: overlay mode, drag disabled, window buttons hidden, title bar hidden
[2018.09.07-22.11.45:147][980]LogPlayLevel: Display: Destroying online subsystem :Context_27
[2018.09.07-22.11.46:198][ 43]LogSlate: FSceneViewport::OnFocusLost() reason 0
[2018.09.07-22.11.46:298][ 49]LogTemp: Repeating last play command: Selected Viewport
[2018.09.07-22.11.46:320][ 49]LogPlayLevel: PlayLevel: No blueprints needed recompiling
[2018.09.07-22.11.46:320][ 49]PIE: New page: PIE session: MainRun (Sep 7, 2018, 2:11:46 PM)
[2018.09.07-22.11.46:320][ 49]LogPlayLevel: Creating play world package: /Game/ThirdPersonBP/Maps/UEDPIE_0_MainRun
[2018.09.07-22.11.46:323][ 49]LogPlayLevel: PIE: StaticDuplicateObject took: (0.002516s)
[2018.09.07-22.11.46:324][ 49]LogAIModule: Creating AISystem for world MainRun
[2018.09.07-22.11.46:324][ 49]LogPlayLevel: PIE: World Init took: (0.001118s)
[2018.09.07-22.11.46:324][ 49]LogPlayLevel: PIE: Created PIE world by copying editor world from /Game/ThirdPersonBP/Maps/MainRun.MainRun to /Game/ThirdPersonBP/Maps/UEDPIE_0_MainRun.MainRun (0.003783s)
[2018.09.07-22.11.46:363][ 49]LogInit: XAudio2 using 'Speakers / Headphones (Realtek Audio)' : 6 channels at 48 kHz using 32 bits per sample (channel mask 0x3f)
[2018.09.07-22.11.46:440][ 49]LogInit: FAudioDevice initialized.
[2018.09.07-22.11.46:470][ 49]LogLoad: Game class is 'RunGameMode_C'
[2018.09.07-22.11.46:471][ 49]LogWorld: Bringing World /Game/ThirdPersonBP/Maps/UEDPIE_0_MainRun.MainRun up for play (max tick rate 60) at 2018.09.07-18.11.46
[2018.09.07-22.11.46:472][ 49]LogWorld: Bringing up level for play took: 0.000771
[2018.09.07-22.11.46:513][ 49]PIE: Play in editor start time for /Game/ThirdPersonBP/Maps/UEDPIE_0_MainRun -0.217
[2018.09.07-22.12.09:969][455]Cmd: RestartLevel
[2018.09.07-22.12.09:985][456]LogNet: Browse: /Game/ThirdPersonBP/Maps/MainRun?restart
[2018.09.07-22.12.09:985][456]LogLoad: LoadMap: /Game/ThirdPersonBP/Maps/MainRun
[2018.09.07-22.12.10:025][456]LogPlayLevel: Creating play world package: /Game/ThirdPersonBP/Maps/UEDPIE_0_MainRun
[2018.09.07-22.12.10:027][456]LogPlayLevel: PIE: StaticDuplicateObject took: (0.001969s)
[2018.09.07-22.12.10:028][456]LogAIModule: Creating AISystem for world MainRun
[2018.09.07-22.12.10:029][456]LogPlayLevel: PIE: World Init took: (0.001022s)
[2018.09.07-22.12.10:029][456]LogPlayLevel: PIE: Created PIE world by copying editor world from /Game/ThirdPersonBP/Maps/MainRun.MainRun to /Game/ThirdPersonBP/Maps/UEDPIE_0_MainRun.MainRun (0.003219s)
[2018.09.07-22.12.10:029][456]LogLoad: Game class is 'RunGameMode_C'
[2018.09.07-22.12.10:030][456]LogWorld: Bringing World /Game/ThirdPersonBP/Maps/UEDPIE_0_MainRun.MainRun up for play (max tick rate 60) at 2018.09.07-18.12.10
[2018.09.07-22.12.10:030][456]LogWorld: Bringing up level for play took: 0.000619
[2018.09.07-22.12.10:050][456]LogLoad: Took 0.064073 seconds to LoadMap(/Game/ThirdPersonBP/Maps/UEDPIE_0_MainRun)
[2018.09.07-22.12.27:045][473]LogSlate: Updating window title bar state: overlay mode, drag disabled, window buttons hidden, title bar hidden
[2018.09.07-22.12.27:083][473]LogPlayLevel: Display: Shutting down PIE online subsystems
[2018.09.07-22.12.27:120][473]LogSlate: Updating window title bar state: overlay mode, drag disabled, window buttons hidden, title bar hidden
[2018.09.07-22.12.27:146][474]LogPlayLevel: Display: Destroying online subsystem :Context_28
[2018.09.07-22.12.33:680][866]LogSlate: FSceneViewport::OnFocusLost() reason 0
[2018.09.07-22.14.08:982][555]LogEditorViewport: Clicking on Actor (LMB): BP_Sky_Sphere_C (Sky Sphere)
[2018.09.07-22.14.13:346][814]LogSlate: FSceneViewport::OnFocusLost() reason 0
